<?xml version="1.0" encoding="UTF-8"?>
<!-- Generated by org.testng.reporters.JUnitXMLReporter -->
<testsuite hostname="Dmitriys-MacBook-Pro-3.local" name="Default test" tests="3" failures="1" timestamp="2 Mar 2016 21:01:08 GMT" time="704.399" errors="0">
  <testcase name="AccountScreen" time="566.21" classname="ALLie_AutoTests.TestSuite">
    <failure type="org.openqa.selenium.WebDriverException" message="An unknown server-side error occurred while processing the command. (WARNING: The server did not provide any stacktrace information)
Command duration or timeout: 1.09 seconds
Build info: version: &amp;apos;2.45.0&amp;apos;, revision: &amp;apos;32a636c&amp;apos;, time: &amp;apos;2015-03-05 22:01:35&amp;apos;
System info: host: &amp;apos;Dmitriys-MacBook-Pro-3.local&amp;apos;, ip: &amp;apos;10.0.2.15&amp;apos;, os.name: &amp;apos;Mac OS X&amp;apos;, os.arch: &amp;apos;x86_64&amp;apos;, os.version: &amp;apos;10.11.3&amp;apos;, java.version: &amp;apos;1.8.0_45&amp;apos;
Driver info: io.appium.java_client.ios.IOSDriver
Capabilities [{app=com.icrtech.allie, networkConnectionEnabled=false, warnings={}, databaseEnabled=false, deviceName=iPad Air, platform=MAC, desired={app=com.icrtech.allie, platformName=iOS, deviceName=iPad Air}, webStorageEnabled=false, locationContextEnabled=false, browserName=iOS, takesScreenshot=true, javascriptEnabled=true, platformName=iOS}]
Session ID: 087e3f93-41b9-4387-9e15-57b6b19ef372">
      <![CDATA[org.openqa.selenium.WebDriverException: An unknown server-side error occurred while processing the command. (WARNING: The server did not provide any stacktrace information)
Command duration or timeout: 1.09 seconds
Build info: version: '2.45.0', revision: '32a636c', time: '2015-03-05 22:01:35'
System info: host: 'Dmitriys-MacBook-Pro-3.local', ip: '10.0.2.15', os.name: 'Mac OS X', os.arch: 'x86_64', os.version: '10.11.3', java.version: '1.8.0_45'
Driver info: io.appium.java_client.ios.IOSDriver
Capabilities [{app=com.icrtech.allie, networkConnectionEnabled=false, warnings={}, databaseEnabled=false, deviceName=iPad Air, platform=MAC, desired={app=com.icrtech.allie, platformName=iOS, deviceName=iPad Air}, webStorageEnabled=false, locationContextEnabled=false, browserName=iOS, takesScreenshot=true, javascriptEnabled=true, platformName=iOS}]
Session ID: 087e3f93-41b9-4387-9e15-57b6b19ef372
	at org.openqa.selenium.remote.ErrorHandler.createThrowable(ErrorHandler.java:204)
	at org.openqa.selenium.remote.ErrorHandler.throwIfResponseFailed(ErrorHandler.java:156)
	at org.openqa.selenium.remote.RemoteWebDriver.execute(RemoteWebDriver.java:599)
	at io.appium.java_client.AppiumDriver.execute(AppiumDriver.java:216)
	at org.openqa.selenium.remote.RemoteWebElement.execute(RemoteWebElement.java:268)
	at org.openqa.selenium.remote.RemoteWebElement.click(RemoteWebElement.java:79)
	at ALLie_AutoTests.Basemethods.TapName(Basemethods.java:154)
	at ALLie_AutoTests.AccountScreen.AccountCheck(AccountScreen.java:259)
	at ALLie_AutoTests.TestSuite.AccountScreen(TestSuite.java:34)
... Removed 28 stack frames]]>
    </failure>
  </testcase> <!-- AccountScreen -->
  <testcase name="Ride" time="0.002" classname="ALLie_AutoTests.TestSuite"/>
  <testcase name="Schedul_" time="0.001" classname="ALLie_AutoTests.TestSuite"/>
</testsuite> <!-- Default test -->
